<?xml version="1.0" encoding="UTF-8"?>
<testsuite name="ohtu.matkakortti.KassapaateTest" tests="4" skipped="0" failures="0" errors="0" timestamp="2020-03-10T08:42:11" hostname="LAPTOP-7KUNE3N7" time="0.501">
  <properties/>
  <testcase name="kortiltaVelotetaanHintaJosRahaaOn" classname="ohtu.matkakortti.KassapaateTest" time="0.496"/>
  <testcase name="lataaLisaaRahaaJosPositiivinenMaara" classname="ohtu.matkakortti.KassapaateTest" time="0.002"/>
  <testcase name="lataaEiLisaaRahaaJosNegatiivinenMaara" classname="ohtu.matkakortti.KassapaateTest" time="0.001"/>
  <testcase name="kortiltaEiVelotetaJosRahaEiRiita" classname="ohtu.matkakortti.KassapaateTest" time="0.001"/>
  <system-out><![CDATA[]]></system-out>
  <system-err><![CDATA[]]></system-err>
</testsuite>
