<?xml version="1.0" encoding="UTF-8"?>
<testsuite name="User can log in with valid username/password-combination" tests="3" skipped="0" failures="0" errors="0" timestamp="2020-03-06T18:33:29" hostname="LAPTOP-7KUNE3N7" time="0.012">
  <properties/>
  <testcase name="user can login with correct password" classname="User can log in with valid username/password-combination" time="0.01"/>
  <testcase name="user can not login with incorrect password" classname="User can log in with valid username/password-combination" time="0.001"/>
  <testcase name="nonexistent user can not login to" classname="User can log in with valid username/password-combination" time="0.0"/>
  <system-out><![CDATA[Feature: User can log in with valid username/password-combination

  Scenario: user can login with correct password                    ?[90m# src/test/resources/ohtu/login.feature:3?[0m
    ?[32mGiven ?[0m?[32mcommand login is selected?[0m                                 ?[90m# Stepdefs.commandLoginSelected()?[0m
    ?[32mWhen ?[0m?[32musername ?[0m?[32m?[1m"pekka"?[0m?[32m and password ?[0m?[32m?[1m"pitkasalasana1"?[0m?[32m are entered?[0m ?[90m# Stepdefs.usernameAndPasswordAreEntered(String,String)?[0m
    ?[32mThen ?[0m?[32msystem will respond with ?[0m?[32m?[1m"logged in"?[0m                       ?[90m# Stepdefs.systemWillRespondWith(String)?[0m

  Scenario: user can not login with incorrect password         ?[90m# src/test/resources/ohtu/login.feature:9?[0m
    ?[32mGiven ?[0m?[32mcommand login is selected?[0m                            ?[90m# Stepdefs.commandLoginSelected()?[0m
    ?[32mWhen ?[0m?[32musername ?[0m?[32m?[1m"pekka"?[0m?[32m and password ?[0m?[32m?[1m"pekka"?[0m?[32m are entered?[0m     ?[90m# Stepdefs.usernameAndPasswordAreEntered(String,String)?[0m
    ?[32mThen ?[0m?[32msystem will respond with ?[0m?[32m?[1m"wrong username or password"?[0m ?[90m# Stepdefs.systemWillRespondWith(String)?[0m

  Scenario: nonexistent user can not login to                  ?[90m# src/test/resources/ohtu/login.feature:14?[0m
    ?[32mGiven ?[0m?[32mcommand login is selected?[0m                            ?[90m# Stepdefs.commandLoginSelected()?[0m
    ?[32mWhen ?[0m?[32musername ?[0m?[32m?[1m"eee"?[0m?[32m and password ?[0m?[32m?[1m"eee"?[0m?[32m are entered?[0m         ?[90m# Stepdefs.usernameAndPasswordAreEntered(String,String)?[0m
    ?[32mThen ?[0m?[32msystem will respond with ?[0m?[32m?[1m"wrong username or password"?[0m ?[90m# Stepdefs.systemWillRespondWith(String)?[0m
]]></system-out>
  <system-err><![CDATA[]]></system-err>
</testsuite>
